2024-01-01T18:45:12.914613+08:00 [info] <0.44.0> application_controller:info_started/2:2107: Application: kernel. Started at: 'ygzj_game1@127.0.0.1'.
2024-01-01T18:45:12.917205+08:00 [info] <0.44.0> application_controller:info_started/2:2107: Application: stdlib. Started at: 'ygzj_game1@127.0.0.1'.
2024-01-01T18:45:12.918458+08:00 [info] <0.76.0> supervisor:report_progress/2:1554: Supervisor: {local,logger_sup}. Started: id=error_logger,pid=<0.95.0>.
2024-01-01T18:45:12.919864+08:00 [info] <0.97.0> supervisor:report_progress/2:1554: Supervisor: {local,sasl_safe_sup}. Started: id=alarm_handler,pid=<0.98.0>.
2024-01-01T18:45:12.920066+08:00 [info] <0.96.0> supervisor:report_progress/2:1554: Supervisor: {local,sasl_sup}. Started: id=sasl_safe_sup,pid=<0.97.0>.
2024-01-01T18:45:12.937439+08:00 [info] <0.96.0> supervisor:report_progress/2:1554: Supervisor: {local,sasl_sup}. Started: id=release_handler,pid=<0.99.0>.
2024-01-01T18:45:12.937595+08:00 [info] <0.44.0> application_controller:info_started/2:2107: Application: sasl. Started at: 'ygzj_game1@127.0.0.1'.
2024-01-01T18:45:12.963831+08:00 [info] <0.107.0> supervisor:report_progress/2:1554: Supervisor: {local,httpc_profile_sup}. Started: id=httpc_manager,pid=<0.108.0>.
2024-01-01T18:45:12.963963+08:00 [info] <0.106.0> supervisor:report_progress/2:1554: Supervisor: {local,httpc_sup}. Started: id=httpc_profile_sup,pid=<0.107.0>.
2024-01-01T18:45:12.965131+08:00 [info] <0.106.0> supervisor:report_progress/2:1554: Supervisor: {local,httpc_sup}. Started: id=httpc_handler_sup,pid=<0.109.0>.
2024-01-01T18:45:12.965219+08:00 [info] <0.105.0> supervisor:report_progress/2:1554: Supervisor: {local,inets_sup}. Started: id=httpc_sup,pid=<0.106.0>.
2024-01-01T18:45:12.969021+08:00 [info] <0.105.0> supervisor:report_progress/2:1554: Supervisor: {local,inets_sup}. Started: id=httpd_sup,pid=<0.110.0>.
2024-01-01T18:45:12.969184+08:00 [info] <0.44.0> application_controller:info_started/2:2107: Application: inets. Started at: 'ygzj_game1@127.0.0.1'.
2024-01-01T18:45:13.004521+08:00 [info] <0.44.0> application_controller:info_started/2:2107: Application: crypto. Started at: 'ygzj_game1@127.0.0.1'.
2024-01-01T18:45:13.012690+08:00 [info] <0.44.0> application_controller:info_started/2:2107: Application: asn1. Started at: 'ygzj_game1@127.0.0.1'.
2024-01-01T18:45:13.012827+08:00 [info] <0.44.0> application_controller:info_started/2:2107: Application: public_key. Started at: 'ygzj_game1@127.0.0.1'.
2024-01-01T18:45:13.015089+08:00 [info] <0.76.0> supervisor:report_progress/2:1554: Supervisor: {local,logger_sup}. Started: id=ssl_handler,pid=<0.121.0>.
2024-01-01T18:45:13.017769+08:00 [info] <0.124.0> supervisor:report_progress/2:1554: Supervisor: {local,ssl_admin_sup}. Started: id=ssl_pem_cache,pid=<0.125.0>.
2024-01-01T18:45:13.020173+08:00 [info] <0.124.0> supervisor:report_progress/2:1554: Supervisor: {local,ssl_admin_sup}. Started: id=ssl_manager,pid=<0.126.0>.
2024-01-01T18:45:13.021001+08:00 [info] <0.124.0> supervisor:report_progress/2:1554: Supervisor: {local,ssl_admin_sup}. Started: id=tls_client_ticket_store,pid=<0.127.0>.
2024-01-01T18:45:13.021122+08:00 [info] <0.123.0> supervisor:report_progress/2:1554: Supervisor: {local,ssl_sup}. Started: id=ssl_admin_sup,pid=<0.124.0>.
2024-01-01T18:45:13.023686+08:00 [info] <0.129.0> supervisor:report_progress/2:1554: Supervisor: {local,tls_sup}. Started: id=tls_connection,pid=<0.130.0>.
2024-01-01T18:45:13.024787+08:00 [info] <0.131.0> supervisor:report_progress/2:1554: Supervisor: {local,tls_server_sup}. Started: id=tls_socket,pid=<0.132.0>.
2024-01-01T18:45:13.025455+08:00 [info] <0.131.0> supervisor:report_progress/2:1554: Supervisor: {local,tls_server_sup}. Started: id=tls_server_session_ticket,pid=<0.133.0>.
2024-01-01T18:45:13.026037+08:00 [info] <0.131.0> supervisor:report_progress/2:1554: Supervisor: {local,tls_server_sup}. Started: id=ssl_server_session_cache_sup,pid=<0.134.0>.
2024-01-01T18:45:13.026724+08:00 [info] <0.131.0> supervisor:report_progress/2:1554: Supervisor: {local,tls_server_sup}. Started: id=ssl_upgrade_server_session_cache_sup,pid=<0.135.0>.
2024-01-01T18:45:13.026825+08:00 [info] <0.129.0> supervisor:report_progress/2:1554: Supervisor: {local,tls_sup}. Started: id=tls_server_sup,pid=<0.131.0>.
2024-01-01T18:45:13.027008+08:00 [info] <0.128.0> supervisor:report_progress/2:1554: Supervisor: {local,ssl_connection_sup}. Started: id=tls_sup,pid=<0.129.0>.
2024-01-01T18:45:13.028054+08:00 [info] <0.136.0> supervisor:report_progress/2:1554: Supervisor: {local,dtls_sup}. Started: id=dtls_connection,pid=<0.137.0>.
2024-01-01T18:45:13.029087+08:00 [info] <0.138.0> supervisor:report_progress/2:1554: Supervisor: {local,dtls_server_sup}. Started: id=dtls_listener,pid=<0.139.0>.
2024-01-01T18:45:13.029672+08:00 [info] <0.138.0> supervisor:report_progress/2:1554: Supervisor: {local,dtls_server_sup}. Started: id=dtls_server_session_cache_sup,pid=<0.140.0>.
2024-01-01T18:45:13.029810+08:00 [info] <0.136.0> supervisor:report_progress/2:1554: Supervisor: {local,dtls_sup}. Started: id=dtls_servers,pid=<0.138.0>.
2024-01-01T18:45:13.029982+08:00 [info] <0.128.0> supervisor:report_progress/2:1554: Supervisor: {local,ssl_connection_sup}. Started: id=dtls_sup,pid=<0.136.0>.
2024-01-01T18:45:13.030129+08:00 [info] <0.123.0> supervisor:report_progress/2:1554: Supervisor: {local,ssl_sup}. Started: id=ssl_connection_sup,pid=<0.128.0>.
2024-01-01T18:45:13.030251+08:00 [info] <0.44.0> application_controller:info_started/2:2107: Application: ssl. Started at: 'ygzj_game1@127.0.0.1'.
2024-01-01T18:45:13.030687+08:00 [debug] <0.9.0> myproj:start/0:13: qqq server:qqq end
2024-01-01T18:45:13.032715+08:00 [info] <0.144.0> supervisor:report_progress/2:1554: Supervisor: {local,ranch_sup}. Started: id=ranch_server,pid=<0.145.0>.
2024-01-01T18:45:13.032896+08:00 [info] <0.44.0> application_controller:info_started/2:2107: Application: ranch. Started at: 'ygzj_game1@127.0.0.1'.
2024-01-01T18:45:13.033938+08:00 [info] <0.44.0> application_controller:info_started/2:2107: Application: cowlib. Started at: 'ygzj_game1@127.0.0.1'.
2024-01-01T18:45:13.037618+08:00 [info] <0.151.0> supervisor_bridge:report_progress/4:136: Supervisor: {local,inet_gethost_native_sup}. Started: pid=<0.152.0>,mfa={inet_gethost_native,init,[[]]}.
2024-01-01T18:45:13.037753+08:00 [info] <0.75.0> supervisor:report_progress/2:1554: Supervisor: {local,kernel_safe_sup}. Started: id=inet_gethost_native_sup,pid=<0.151.0>.
2024-01-01T18:45:13.042854+08:00 [info] <0.150.0> supervisor:report_progress/2:1554: Supervisor: {local,yg_server_sup}. Started: id=yg_timer,pid=<0.155.0>.
2024-01-01T18:45:13.049510+08:00 [info] <0.157.0> supervisor:report_progress/2:1554: Supervisor: {local,emongo_sup}. Started: id=emongo,pid=<0.158.0>.
2024-01-01T18:45:13.052975+08:00 [info] <0.157.0> supervisor:report_progress/2:1554: Supervisor: {local,emongo_sup}. Started: id=[109,97,115,116,101,114,95,109,111,110,103,111],pid=<0.159.0>.
2024-01-01T18:45:13.053579+08:00 [info] <0.157.0> supervisor:report_progress/2:1554: Supervisor: {local,emongo_sup}. Started: id=[108,111,103,95,109,111,110,103,111],pid=<0.161.0>.
2024-01-01T18:45:13.054121+08:00 [info] <0.157.0> supervisor:report_progress/2:1554: Supervisor: {local,emongo_sup}. Started: id=[115,108,97,118,101,95,109,111,110,103,111],pid=<0.163.0>.
2024-01-01T18:45:17.385590+08:00 [info] <0.150.0> supervisor:report_progress/2:1554: Supervisor: {local,yg_server_sup}. Started: id=mod_kernel,pid=<0.156.0>.
2024-01-01T18:45:17.386399+08:00 [info] <0.150.0> supervisor:report_progress/2:1554: Supervisor: {local,yg_server_sup}. Started: id=mod_rand,pid=<0.165.0>.
2024-01-01T18:45:17.387803+08:00 [info] <0.150.0> supervisor:report_progress/2:1554: Supervisor: {local,yg_server_sup}. Started: id=mod_mon_create,pid=<0.166.0>.
2024-01-01T18:45:17.388538+08:00 [info] <0.150.0> supervisor:report_progress/2:1554: Supervisor: {local,yg_server_sup}. Started: id=mod_npc_create,pid=<0.167.0>.
2024-01-01T18:45:17.390198+08:00 [info] <0.150.0> supervisor:report_progress/2:1554: Supervisor: {local,yg_server_sup}. Started: id=mod_task_cache,pid=<0.168.0>.
2024-01-01T18:45:17.390930+08:00 [info] <0.150.0> supervisor:report_progress/2:1554: Supervisor: {local,yg_server_sup}. Started: id=mod_mail,pid=<0.169.0>.
2024-01-01T18:45:17.391356+08:00 [info] <0.150.0> supervisor:report_progress/2:1554: Supervisor: {local,yg_server_sup}. Started: id=yg_tcp_client_sup,pid=<0.170.0>.
2024-01-01T18:45:17.392838+08:00 [info] <0.173.0> supervisor:report_progress/2:1554: Supervisor: {<0.173.0>,yg_tcp_listener_sup}. Started: id=yg_tcp_acceptor_sup,pid=<0.174.0>.
2024-01-01T18:45:17.394025+08:00 [info] <0.173.0> supervisor:report_progress/2:1554: Supervisor: {<0.173.0>,yg_tcp_listener_sup}. Started: id=[121,103,95,116,99,112,95,108,105,115,116,101,110,101,114,95,55,55,56,56],pid=<0.175.0>.
2024-01-01T18:45:17.394224+08:00 [info] <0.173.0> supervisor:report_progress/2:1554: Supervisor: {<0.173.0>,yg_tcp_listener_sup}. Started: id=[121,103,95,116,99,112,95,108,105,115,116,101,110,101,114,95,55,54,56,56],pid=<0.186.0>.
2024-01-01T18:45:17.394415+08:00 [info] <0.173.0> supervisor:report_progress/2:1554: Supervisor: {<0.173.0>,yg_tcp_listener_sup}. Started: id=[121,103,95,116,99,112,95,108,105,115,116,101,110,101,114,95,55,53,56,56],pid=<0.197.0>.
2024-01-01T18:45:17.394503+08:00 [info] <0.150.0> supervisor:report_progress/2:1554: Supervisor: {local,yg_server_sup}. Started: id=yg_tcp_listener_sup,pid=<0.173.0>.
2024-01-01T18:45:17.397154+08:00 [info] <0.75.0> supervisor:report_progress/2:1554: Supervisor: {local,kernel_safe_sup}. Started: id=pg2,pid=<0.359.0>.
2024-01-01T18:45:17.397407+08:00 [info] <0.150.0> supervisor:report_progress/2:1554: Supervisor: {local,yg_server_sup}. Started: id=mod_scene_agent,pid=<0.208.0>.
2024-01-01T18:45:17.405537+08:00 [info] <0.150.0> supervisor:report_progress/2:1554: Supervisor: {local,yg_server_sup}. Started: id=mod_box,pid=<0.360.0>.
2024-01-01T18:45:17.416811+08:00 [info] <0.150.0> supervisor:report_progress/2:1554: Supervisor: {local,yg_server_sup}. Started: id=mod_box_log,pid=<0.361.0>.
2024-01-01T18:45:17.419254+08:00 [info] <0.150.0> supervisor:report_progress/2:1554: Supervisor: {local,yg_server_sup}. Started: id=mod_random_realm,pid=<0.362.0>.
2024-01-01T18:45:17.421767+08:00 [info] <0.150.0> supervisor:report_progress/2:1554: Supervisor: {local,yg_server_sup}. Started: id=mod_disperse,pid=<0.363.0>.
2024-01-01T18:45:17.422770+08:00 [info] <0.150.0> supervisor:report_progress/2:1554: Supervisor: {local,yg_server_sup}. Started: id=mod_local_cache_process,pid=<0.364.0>.
2024-01-01T18:45:18.430554+08:00 [info] <0.150.0> supervisor:report_progress/2:1554: Supervisor: {local,yg_server_sup}. Started: id=mod_delayer,pid=<0.367.0>.
2024-01-01T18:45:19.432880+08:00 [info] <0.150.0> supervisor:report_progress/2:1554: Supervisor: {local,yg_server_sup}. Started: id=mod_sale,pid=<0.418.0>.
2024-01-01T18:45:20.435218+08:00 [info] <0.150.0> supervisor:report_progress/2:1554: Supervisor: {local,yg_server_sup}. Started: id=mod_shop,pid=<0.419.0>.
2024-01-01T18:45:21.437071+08:00 [info] <0.150.0> supervisor:report_progress/2:1554: Supervisor: {local,yg_server_sup}. Started: id=mod_online_count,pid=<0.420.0>.
2024-01-01T18:45:22.451214+08:00 [info] <0.150.0> supervisor:report_progress/2:1554: Supervisor: {local,yg_server_sup}. Started: id=mod_master_apprentice,pid=<0.421.0>.
2024-01-01T18:45:22.452163+08:00 [info] <0.150.0> supervisor:report_progress/2:1554: Supervisor: {local,yg_server_sup}. Started: id=mod_vip,pid=<0.472.0>.
2024-01-01T18:45:23.455318+08:00 [info] <0.150.0> supervisor:report_progress/2:1554: Supervisor: {local,yg_server_sup}. Started: id=mod_consign,pid=<0.475.0>.
2024-01-01T18:45:24.464946+08:00 [info] <0.150.0> supervisor:report_progress/2:1554: Supervisor: {local,yg_server_sup}. Started: id=mod_leap_server,pid=<0.476.0>.
2024-01-01T18:45:24.465750+08:00 [info] <0.150.0> supervisor:report_progress/2:1554: Supervisor: {local,yg_server_sup}. Started: id=mod_auto_id,pid=<0.477.0>.
2024-01-01T18:45:25.468022+08:00 [info] <0.150.0> supervisor:report_progress/2:1554: Supervisor: {local,yg_server_sup}. Started: id=mod_buy,pid=<0.478.0>.
2024-01-01T18:45:26.470240+08:00 [info] <0.150.0> supervisor:report_progress/2:1554: Supervisor: {local,yg_server_sup}. Started: id=mod_team_raise,pid=<0.480.0>.
2024-01-01T18:45:27.501514+08:00 [info] <0.150.0> supervisor:report_progress/2:1554: Supervisor: {local,yg_server_sup}. Started: id=mod_guild,pid=<0.482.0>.
2024-01-01T18:45:27.503205+08:00 [info] <0.150.0> supervisor:report_progress/2:1554: Supervisor: {local,yg_server_sup}. Started: id=mod_title,pid=<0.583.0>.
2024-01-01T18:45:28.513386+08:00 [info] <0.150.0> supervisor:report_progress/2:1554: Supervisor: {local,yg_server_sup}. Started: id=mod_rank,pid=<0.586.0>.
2024-01-01T18:45:29.523902+08:00 [info] <0.150.0> supervisor:report_progress/2:1554: Supervisor: {local,yg_server_sup}. Started: id=mod_arena_supervisor,pid=<0.587.0>.
2024-01-01T18:45:29.526335+08:00 [debug] <0.689.0> emongo:findAndModify/4:331: T:{response,{header,161,75241,429,1},8,0,0,1,[[{<<"lastErrorObject">>,[{<<"n">>,1},{<<"updatedExisting">>,true}]},{<<"value">>,[{<<"_id">>,{oid,<<80,232,3,155,241,109,66,189,159,201,21,181>>}},{<<"id">>,25},{<<"name">>,<<"coliseum_info">>}]},{<<"ok">>,1.0}]],"master_mongo"} end
2024-01-01T18:45:29.530147+08:00 [info] <0.150.0> supervisor:report_progress/2:1554: Supervisor: {local,yg_server_sup}. Started: id=mod_coliseum_supervisor,pid=<0.690.0>.
2024-01-01T18:45:29.533993+08:00 [info] <0.150.0> supervisor:report_progress/2:1554: Supervisor: {local,yg_server_sup}. Started: id=mod_ore_sup,pid=<0.817.0>.
2024-01-01T18:45:29.535439+08:00 [info] <0.150.0> supervisor:report_progress/2:1554: Supervisor: {local,yg_server_sup}. Started: id=mod_answer,pid=<0.828.0>.
2024-01-01T18:45:29.544212+08:00 [info] <0.150.0> supervisor:report_progress/2:1554: Supervisor: {local,yg_server_sup}. Started: id=mod_war_supervisor,pid=<0.829.0>.
2024-01-01T18:45:30.555376+08:00 [info] <0.150.0> supervisor:report_progress/2:1554: Supervisor: {local,yg_server_sup}. Started: id=mod_appraise,pid=<0.831.0>.
2024-01-01T18:45:30.557096+08:00 [info] <0.150.0> supervisor:report_progress/2:1554: Supervisor: {local,yg_server_sup}. Started: id=mod_leap_client,pid=<0.832.0>.
2024-01-01T18:45:30.563080+08:00 [info] <0.150.0> supervisor:report_progress/2:1554: Supervisor: {local,yg_server_sup}. Started: id=mod_wedding,pid=<0.833.0>.
2024-01-01T18:45:31.647350+08:00 [info] <0.150.0> supervisor:report_progress/2:1554: Supervisor: {local,yg_server_sup}. Started: id=mod_mount_arena,pid=<0.834.0>.
2024-01-01T18:45:32.648739+08:00 [info] <0.150.0> supervisor:report_progress/2:1554: Supervisor: {local,yg_server_sup}. Started: id=mod_global_cache_process,pid=<0.835.0>.
2024-01-01T18:45:33.674332+08:00 [info] <0.150.0> supervisor:report_progress/2:1554: Supervisor: {local,yg_server_sup}. Started: id=mod_war2_supervisor,pid=<0.838.0>.
2024-01-01T18:45:34.679507+08:00 [debug] <0.839.0> reloader:init/0:54: [reloader]启动完成
2024-01-01T18:45:34.680147+08:00 [info] <0.150.0> supervisor:report_progress/2:1554: Supervisor: {local,yg_server_sup}. Started: id=reloader,pid=<0.839.0>.
2024-01-01T18:45:34.680544+08:00 [debug] <0.9.0> myproj:start/0:25: game server:start end
2024-01-01T18:45:34.680543+08:00 [info] <0.44.0> application_controller:info_started/2:2107: Application: myproj. Started at: 'ygzj_game1@127.0.0.1'.
2024-01-01T18:45:38.558509+08:00 [debug] <0.848.0> emongo:findAndModify/4:331: T:{response,{header,161,75550,1046,1},8,0,0,1,[[{<<"lastErrorObject">>,[{<<"n">>,1},{<<"updatedExisting">>,true}]},{<<"value">>,[{<<"_id">>,{oid,<<80,232,3,158,241,109,66,189,159,201,23,75>>}},{<<"id">>,1693},{<<"name">>,<<"server_titles">>}]},{<<"ok">>,1.0}]],"master_mongo"} end
2024-01-01T18:45:38.558714+08:00 [debug] <0.849.0> emongo:findAndModify/4:331: T:{response,{header,161,75551,1049,1},8,0,0,1,[[{<<"lastErrorObject">>,[{<<"n">>,1},{<<"updatedExisting">>,true}]},{<<"value">>,[{<<"_id">>,{oid,<<80,232,3,158,241,109,66,189,159,201,23,75>>}},{<<"id">>,1694},{<<"name">>,<<"server_titles">>}]},{<<"ok">>,1.0}]],"master_mongo"} end
2024-01-01T18:45:38.559439+08:00 [debug] <0.856.0> emongo:findAndModify/4:331: T:{response,{header,161,75552,1058,1},8,0,0,1,[[{<<"lastErrorObject">>,[{<<"n">>,1},{<<"updatedExisting">>,true}]},{<<"value">>,[{<<"_id">>,{oid,<<80,232,3,158,241,109,66,189,159,201,23,75>>}},{<<"id">>,1695},{<<"name">>,<<"server_titles">>}]},{<<"ok">>,1.0}]],"master_mongo"} end
2024-01-01T18:45:38.559578+08:00 [debug] <0.858.0> emongo:findAndModify/4:331: T:{response,{header,161,75553,1061,1},8,0,0,1,[[{<<"lastErrorObject">>,[{<<"n">>,1},{<<"updatedExisting">>,true}]},{<<"value">>,[{<<"_id">>,{oid,<<80,232,3,158,241,109,66,189,159,201,23,75>>}},{<<"id">>,1696},{<<"name">>,<<"server_titles">>}]},{<<"ok">>,1.0}]],"master_mongo"} end
2024-01-01T19:01:38.537875+08:00 [debug] <0.1341.0> emongo:findAndModify/4:331: T:{response,{header,161,76101,1368,1},8,0,0,1,[[{<<"lastErrorObject">>,[{<<"n">>,1},{<<"updatedExisting">>,true}]},{<<"value">>,[{<<"_id">>,{oid,<<80,232,3,158,241,109,66,189,159,201,23,75>>}},{<<"id">>,1697},{<<"name">>,<<"server_titles">>}]},{<<"ok">>,1.0}]],"master_mongo"} end
2024-01-01T19:01:38.538808+08:00 [debug] <0.1342.0> emongo:findAndModify/4:331: T:{response,{header,161,76102,1371,1},8,0,0,1,[[{<<"lastErrorObject">>,[{<<"n">>,1},{<<"updatedExisting">>,true}]},{<<"value">>,[{<<"_id">>,{oid,<<80,232,3,158,241,109,66,189,159,201,23,75>>}},{<<"id">>,1698},{<<"name">>,<<"server_titles">>}]},{<<"ok">>,1.0}]],"master_mongo"} end
2024-01-01T19:01:38.539313+08:00 [debug] <0.1349.0> emongo:findAndModify/4:331: T:{response,{header,161,76103,1380,1},8,0,0,1,[[{<<"lastErrorObject">>,[{<<"n">>,1},{<<"updatedExisting">>,true}]},{<<"value">>,[{<<"_id">>,{oid,<<80,232,3,158,241,109,66,189,159,201,23,75>>}},{<<"id">>,1699},{<<"name">>,<<"server_titles">>}]},{<<"ok">>,1.0}]],"master_mongo"} end
2024-01-01T19:01:38.539569+08:00 [debug] <0.1351.0> emongo:findAndModify/4:331: T:{response,{header,161,76104,1383,1},8,0,0,1,[[{<<"lastErrorObject">>,[{<<"n">>,1},{<<"updatedExisting">>,true}]},{<<"value">>,[{<<"_id">>,{oid,<<80,232,3,158,241,109,66,189,159,201,23,75>>}},{<<"id">>,1700},{<<"name">>,<<"server_titles">>}]},{<<"ok">>,1.0}]],"master_mongo"} end
2024-01-01T19:05:09.539917+08:00 [warning] <0.587.0> mod_arena_supervisor:handle_info/2:173: ARENA_SUP_PROC_START: Time 68709, State {state,[],undefined,undefined,undefined,undefined,0}
2024-01-01T19:11:38.546772+08:00 [debug] <0.1656.0> emongo:findAndModify/4:331: T:{response,{header,161,76457,1594,1},8,0,0,1,[[{<<"lastErrorObject">>,[{<<"n">>,1},{<<"updatedExisting">>,true}]},{<<"value">>,[{<<"_id">>,{oid,<<80,232,3,158,241,109,66,189,159,201,23,75>>}},{<<"id">>,1701},{<<"name">>,<<"server_titles">>}]},{<<"ok">>,1.0}]],"master_mongo"} end
2024-01-01T19:11:38.547938+08:00 [debug] <0.1657.0> emongo:findAndModify/4:331: T:{response,{header,161,76458,1597,1},8,0,0,1,[[{<<"lastErrorObject">>,[{<<"n">>,1},{<<"updatedExisting">>,true}]},{<<"value">>,[{<<"_id">>,{oid,<<80,232,3,158,241,109,66,189,159,201,23,75>>}},{<<"id">>,1702},{<<"name">>,<<"server_titles">>}]},{<<"ok">>,1.0}]],"master_mongo"} end
2024-01-01T19:11:38.548434+08:00 [debug] <0.1664.0> emongo:findAndModify/4:331: T:{response,{header,161,76459,1606,1},8,0,0,1,[[{<<"lastErrorObject">>,[{<<"n">>,1},{<<"updatedExisting">>,true}]},{<<"value">>,[{<<"_id">>,{oid,<<80,232,3,158,241,109,66,189,159,201,23,75>>}},{<<"id">>,1703},{<<"name">>,<<"server_titles">>}]},{<<"ok">>,1.0}]],"master_mongo"} end
2024-01-01T19:11:38.548699+08:00 [debug] <0.1666.0> emongo:findAndModify/4:331: T:{response,{header,161,76460,1609,1},8,0,0,1,[[{<<"lastErrorObject">>,[{<<"n">>,1},{<<"updatedExisting">>,true}]},{<<"value">>,[{<<"_id">>,{oid,<<80,232,3,158,241,109,66,189,159,201,23,75>>}},{<<"id">>,1704},{<<"name">>,<<"server_titles">>}]},{<<"ok">>,1.0}]],"master_mongo"} end
2024-01-01T19:21:38.556133+08:00 [debug] <0.1971.0> emongo:findAndModify/4:331: T:{response,{header,161,76813,1819,1},8,0,0,1,[[{<<"lastErrorObject">>,[{<<"n">>,1},{<<"updatedExisting">>,true}]},{<<"value">>,[{<<"_id">>,{oid,<<80,232,3,158,241,109,66,189,159,201,23,75>>}},{<<"id">>,1705},{<<"name">>,<<"server_titles">>}]},{<<"ok">>,1.0}]],"master_mongo"} end
2024-01-01T19:21:38.557723+08:00 [debug] <0.1972.0> emongo:findAndModify/4:331: T:{response,{header,161,76814,1822,1},8,0,0,1,[[{<<"lastErrorObject">>,[{<<"n">>,1},{<<"updatedExisting">>,true}]},{<<"value">>,[{<<"_id">>,{oid,<<80,232,3,158,241,109,66,189,159,201,23,75>>}},{<<"id">>,1706},{<<"name">>,<<"server_titles">>}]},{<<"ok">>,1.0}]],"master_mongo"} end
2024-01-01T19:21:38.558576+08:00 [debug] <0.1979.0> emongo:findAndModify/4:331: T:{response,{header,161,76815,1832,1},8,0,0,1,[[{<<"lastErrorObject">>,[{<<"n">>,1},{<<"updatedExisting">>,true}]},{<<"value">>,[{<<"_id">>,{oid,<<80,232,3,158,241,109,66,189,159,201,23,75>>}},{<<"id">>,1707},{<<"name">>,<<"server_titles">>}]},{<<"ok">>,1.0}]],"master_mongo"} end
2024-01-01T19:21:38.558811+08:00 [debug] <0.1981.0> emongo:findAndModify/4:331: T:{response,{header,161,76816,1835,1},8,0,0,1,[[{<<"lastErrorObject">>,[{<<"n">>,1},{<<"updatedExisting">>,true}]},{<<"value">>,[{<<"_id">>,{oid,<<80,232,3,158,241,109,66,189,159,201,23,75>>}},{<<"id">>,1708},{<<"name">>,<<"server_titles">>}]},{<<"ok">>,1.0}]],"master_mongo"} end
2024-01-01T19:31:38.567070+08:00 [debug] <0.2286.0> emongo:findAndModify/4:331: T:{response,{header,161,77170,2048,1},8,0,0,1,[[{<<"lastErrorObject">>,[{<<"n">>,1},{<<"updatedExisting">>,true}]},{<<"value">>,[{<<"_id">>,{oid,<<80,232,3,158,241,109,66,189,159,201,23,75>>}},{<<"id">>,1709},{<<"name">>,<<"server_titles">>}]},{<<"ok">>,1.0}]],"master_mongo"} end
2024-01-01T19:31:38.568528+08:00 [debug] <0.2287.0> emongo:findAndModify/4:331: T:{response,{header,161,77171,2051,1},8,0,0,1,[[{<<"lastErrorObject">>,[{<<"n">>,1},{<<"updatedExisting">>,true}]},{<<"value">>,[{<<"_id">>,{oid,<<80,232,3,158,241,109,66,189,159,201,23,75>>}},{<<"id">>,1710},{<<"name">>,<<"server_titles">>}]},{<<"ok">>,1.0}]],"master_mongo"} end
2024-01-01T19:31:38.571836+08:00 [debug] <0.2294.0> emongo:findAndModify/4:331: T:{response,{header,161,77172,2060,1},8,0,0,1,[[{<<"lastErrorObject">>,[{<<"n">>,1},{<<"updatedExisting">>,true}]},{<<"value">>,[{<<"_id">>,{oid,<<80,232,3,158,241,109,66,189,159,201,23,75>>}},{<<"id">>,1711},{<<"name">>,<<"server_titles">>}]},{<<"ok">>,1.0}]],"master_mongo"} end
2024-01-01T19:31:38.573502+08:00 [debug] <0.2296.0> emongo:findAndModify/4:331: T:{response,{header,161,77173,2063,1},8,0,0,1,[[{<<"lastErrorObject">>,[{<<"n">>,1},{<<"updatedExisting">>,true}]},{<<"value">>,[{<<"_id">>,{oid,<<80,232,3,158,241,109,66,189,159,201,23,75>>}},{<<"id">>,1712},{<<"name">>,<<"server_titles">>}]},{<<"ok">>,1.0}]],"master_mongo"} end
2024-01-01T19:41:38.571248+08:00 [debug] <0.2598.0> emongo:findAndModify/4:331: T:{response,{header,161,77525,2274,1},8,0,0,1,[[{<<"lastErrorObject">>,[{<<"n">>,1},{<<"updatedExisting">>,true}]},{<<"value">>,[{<<"_id">>,{oid,<<80,232,3,158,241,109,66,189,159,201,23,75>>}},{<<"id">>,1713},{<<"name">>,<<"server_titles">>}]},{<<"ok">>,1.0}]],"master_mongo"} end
2024-01-01T19:41:38.571473+08:00 [debug] <0.2599.0> emongo:findAndModify/4:331: T:{response,{header,161,77526,2277,1},8,0,0,1,[[{<<"lastErrorObject">>,[{<<"n">>,1},{<<"updatedExisting">>,true}]},{<<"value">>,[{<<"_id">>,{oid,<<80,232,3,158,241,109,66,189,159,201,23,75>>}},{<<"id">>,1714},{<<"name">>,<<"server_titles">>}]},{<<"ok">>,1.0}]],"master_mongo"} end
2024-01-01T19:41:38.572024+08:00 [debug] <0.2606.0> emongo:findAndModify/4:331: T:{response,{header,161,77527,2286,1},8,0,0,1,[[{<<"lastErrorObject">>,[{<<"n">>,1},{<<"updatedExisting">>,true}]},{<<"value">>,[{<<"_id">>,{oid,<<80,232,3,158,241,109,66,189,159,201,23,75>>}},{<<"id">>,1715},{<<"name">>,<<"server_titles">>}]},{<<"ok">>,1.0}]],"master_mongo"} end
2024-01-01T19:41:38.572356+08:00 [debug] <0.2608.0> emongo:findAndModify/4:331: T:{response,{header,161,77528,2289,1},8,0,0,1,[[{<<"lastErrorObject">>,[{<<"n">>,1},{<<"updatedExisting">>,true}]},{<<"value">>,[{<<"_id">>,{oid,<<80,232,3,158,241,109,66,189,159,201,23,75>>}},{<<"id">>,1716},{<<"name">>,<<"server_titles">>}]},{<<"ok">>,1.0}]],"master_mongo"} end
2024-01-01T19:51:38.581836+08:00 [debug] <0.2913.0> emongo:findAndModify/4:331: T:{response,{header,161,77881,2500,1},8,0,0,1,[[{<<"lastErrorObject">>,[{<<"n">>,1},{<<"updatedExisting">>,true}]},{<<"value">>,[{<<"_id">>,{oid,<<80,232,3,158,241,109,66,189,159,201,23,75>>}},{<<"id">>,1717},{<<"name">>,<<"server_titles">>}]},{<<"ok">>,1.0}]],"master_mongo"} end
2024-01-01T19:51:38.582264+08:00 [debug] <0.2914.0> emongo:findAndModify/4:331: T:{response,{header,161,77882,2503,1},8,0,0,1,[[{<<"lastErrorObject">>,[{<<"n">>,1},{<<"updatedExisting">>,true}]},{<<"value">>,[{<<"_id">>,{oid,<<80,232,3,158,241,109,66,189,159,201,23,75>>}},{<<"id">>,1718},{<<"name">>,<<"server_titles">>}]},{<<"ok">>,1.0}]],"master_mongo"} end
2024-01-01T19:51:38.583183+08:00 [debug] <0.2921.0> emongo:findAndModify/4:331: T:{response,{header,161,77883,2512,1},8,0,0,1,[[{<<"lastErrorObject">>,[{<<"n">>,1},{<<"updatedExisting">>,true}]},{<<"value">>,[{<<"_id">>,{oid,<<80,232,3,158,241,109,66,189,159,201,23,75>>}},{<<"id">>,1719},{<<"name">>,<<"server_titles">>}]},{<<"ok">>,1.0}]],"master_mongo"} end
2024-01-01T19:51:38.583654+08:00 [debug] <0.2923.0> emongo:findAndModify/4:331: T:{response,{header,161,77884,2515,1},8,0,0,1,[[{<<"lastErrorObject">>,[{<<"n">>,1},{<<"updatedExisting">>,true}]},{<<"value">>,[{<<"_id">>,{oid,<<80,232,3,158,241,109,66,189,159,201,23,75>>}},{<<"id">>,1720},{<<"name">>,<<"server_titles">>}]},{<<"ok">>,1.0}]],"master_mongo"} end
2024-01-01T20:01:38.596380+08:00 [debug] <0.3228.0> emongo:findAndModify/4:331: T:{response,{header,161,78237,2726,1},8,0,0,1,[[{<<"lastErrorObject">>,[{<<"n">>,1},{<<"updatedExisting">>,true}]},{<<"value">>,[{<<"_id">>,{oid,<<80,232,3,158,241,109,66,189,159,201,23,75>>}},{<<"id">>,1721},{<<"name">>,<<"server_titles">>}]},{<<"ok">>,1.0}]],"master_mongo"} end
2024-01-01T20:01:38.598008+08:00 [debug] <0.3229.0> emongo:findAndModify/4:331: T:{response,{header,161,78238,2729,1},8,0,0,1,[[{<<"lastErrorObject">>,[{<<"n">>,1},{<<"updatedExisting">>,true}]},{<<"value">>,[{<<"_id">>,{oid,<<80,232,3,158,241,109,66,189,159,201,23,75>>}},{<<"id">>,1722},{<<"name">>,<<"server_titles">>}]},{<<"ok">>,1.0}]],"master_mongo"} end
2024-01-01T20:01:38.601089+08:00 [debug] <0.3236.0> emongo:findAndModify/4:331: T:{response,{header,161,78239,2738,1},8,0,0,1,[[{<<"lastErrorObject">>,[{<<"n">>,1},{<<"updatedExisting">>,true}]},{<<"value">>,[{<<"_id">>,{oid,<<80,232,3,158,241,109,66,189,159,201,23,75>>}},{<<"id">>,1723},{<<"name">>,<<"server_titles">>}]},{<<"ok">>,1.0}]],"master_mongo"} end
2024-01-01T20:01:38.602984+08:00 [debug] <0.3238.0> emongo:findAndModify/4:331: T:{response,{header,161,78240,2741,1},8,0,0,1,[[{<<"lastErrorObject">>,[{<<"n">>,1},{<<"updatedExisting">>,true}]},{<<"value">>,[{<<"_id">>,{oid,<<80,232,3,158,241,109,66,189,159,201,23,75>>}},{<<"id">>,1724},{<<"name">>,<<"server_titles">>}]},{<<"ok">>,1.0}]],"master_mongo"} end
2024-01-01T20:11:38.600928+08:00 [debug] <0.3542.0> emongo:findAndModify/4:331: T:{response,{header,161,78593,2951,1},8,0,0,1,[[{<<"lastErrorObject">>,[{<<"n">>,1},{<<"updatedExisting">>,true}]},{<<"value">>,[{<<"_id">>,{oid,<<80,232,3,158,241,109,66,189,159,201,23,75>>}},{<<"id">>,1725},{<<"name">>,<<"server_titles">>}]},{<<"ok">>,1.0}]],"master_mongo"} end
2024-01-01T20:11:38.601210+08:00 [debug] <0.3543.0> emongo:findAndModify/4:331: T:{response,{header,161,78594,2954,1},8,0,0,1,[[{<<"lastErrorObject">>,[{<<"n">>,1},{<<"updatedExisting">>,true}]},{<<"value">>,[{<<"_id">>,{oid,<<80,232,3,158,241,109,66,189,159,201,23,75>>}},{<<"id">>,1726},{<<"name">>,<<"server_titles">>}]},{<<"ok">>,1.0}]],"master_mongo"} end
2024-01-01T20:11:38.601763+08:00 [debug] <0.3550.0> emongo:findAndModify/4:331: T:{response,{header,161,78595,2964,1},8,0,0,1,[[{<<"lastErrorObject">>,[{<<"n">>,1},{<<"updatedExisting">>,true}]},{<<"value">>,[{<<"_id">>,{oid,<<80,232,3,158,241,109,66,189,159,201,23,75>>}},{<<"id">>,1727},{<<"name">>,<<"server_titles">>}]},{<<"ok">>,1.0}]],"master_mongo"} end
2024-01-01T20:11:38.602033+08:00 [debug] <0.3552.0> emongo:findAndModify/4:331: T:{response,{header,161,78596,2967,1},8,0,0,1,[[{<<"lastErrorObject">>,[{<<"n">>,1},{<<"updatedExisting">>,true}]},{<<"value">>,[{<<"_id">>,{oid,<<80,232,3,158,241,109,66,189,159,201,23,75>>}},{<<"id">>,1728},{<<"name">>,<<"server_titles">>}]},{<<"ok">>,1.0}]],"master_mongo"} end
2024-01-01T20:21:38.611631+08:00 [debug] <0.3857.0> emongo:findAndModify/4:331: T:{response,{header,161,78949,3178,1},8,0,0,1,[[{<<"lastErrorObject">>,[{<<"n">>,1},{<<"updatedExisting">>,true}]},{<<"value">>,[{<<"_id">>,{oid,<<80,232,3,158,241,109,66,189,159,201,23,75>>}},{<<"id">>,1729},{<<"name">>,<<"server_titles">>}]},{<<"ok">>,1.0}]],"master_mongo"} end
2024-01-01T20:21:38.611963+08:00 [debug] <0.3858.0> emongo:findAndModify/4:331: T:{response,{header,161,78950,3181,1},8,0,0,1,[[{<<"lastErrorObject">>,[{<<"n">>,1},{<<"updatedExisting">>,true}]},{<<"value">>,[{<<"_id">>,{oid,<<80,232,3,158,241,109,66,189,159,201,23,75>>}},{<<"id">>,1730},{<<"name">>,<<"server_titles">>}]},{<<"ok">>,1.0}]],"master_mongo"} end
2024-01-01T20:21:38.612793+08:00 [debug] <0.3865.0> emongo:findAndModify/4:331: T:{response,{header,161,78951,3190,1},8,0,0,1,[[{<<"lastErrorObject">>,[{<<"n">>,1},{<<"updatedExisting">>,true}]},{<<"value">>,[{<<"_id">>,{oid,<<80,232,3,158,241,109,66,189,159,201,23,75>>}},{<<"id">>,1731},{<<"name">>,<<"server_titles">>}]},{<<"ok">>,1.0}]],"master_mongo"} end
2024-01-01T20:21:38.613240+08:00 [debug] <0.3867.0> emongo:findAndModify/4:331: T:{response,{header,161,78952,3193,1},8,0,0,1,[[{<<"lastErrorObject">>,[{<<"n">>,1},{<<"updatedExisting">>,true}]},{<<"value">>,[{<<"_id">>,{oid,<<80,232,3,158,241,109,66,189,159,201,23,75>>}},{<<"id">>,1732},{<<"name">>,<<"server_titles">>}]},{<<"ok">>,1.0}]],"master_mongo"} end
2024-01-01T20:31:38.626486+08:00 [debug] <0.4176.0> emongo:findAndModify/4:331: T:{response,{header,161,79306,3406,1},8,0,0,1,[[{<<"lastErrorObject">>,[{<<"n">>,1},{<<"updatedExisting">>,true}]},{<<"value">>,[{<<"_id">>,{oid,<<80,232,3,158,241,109,66,189,159,201,23,75>>}},{<<"id">>,1733},{<<"name">>,<<"server_titles">>}]},{<<"ok">>,1.0}]],"master_mongo"} end
2024-01-01T20:31:38.627910+08:00 [debug] <0.4177.0> emongo:findAndModify/4:331: T:{response,{header,161,79307,3409,1},8,0,0,1,[[{<<"lastErrorObject">>,[{<<"n">>,1},{<<"updatedExisting">>,true}]},{<<"value">>,[{<<"_id">>,{oid,<<80,232,3,158,241,109,66,189,159,201,23,75>>}},{<<"id">>,1734},{<<"name">>,<<"server_titles">>}]},{<<"ok">>,1.0}]],"master_mongo"} end
2024-01-01T20:31:38.631056+08:00 [debug] <0.4184.0> emongo:findAndModify/4:331: T:{response,{header,161,79308,3418,1},8,0,0,1,[[{<<"lastErrorObject">>,[{<<"n">>,1},{<<"updatedExisting">>,true}]},{<<"value">>,[{<<"_id">>,{oid,<<80,232,3,158,241,109,66,189,159,201,23,75>>}},{<<"id">>,1735},{<<"name">>,<<"server_titles">>}]},{<<"ok">>,1.0}]],"master_mongo"} end
2024-01-01T20:31:38.632724+08:00 [debug] <0.4186.0> emongo:findAndModify/4:331: T:{response,{header,161,79309,3421,1},8,0,0,1,[[{<<"lastErrorObject">>,[{<<"n">>,1},{<<"updatedExisting">>,true}]},{<<"value">>,[{<<"_id">>,{oid,<<80,232,3,158,241,109,66,189,159,201,23,75>>}},{<<"id">>,1736},{<<"name">>,<<"server_titles">>}]},{<<"ok">>,1.0}]],"master_mongo"} end
2024-01-01T20:41:38.631501+08:00 [debug] <0.4490.0> emongo:findAndModify/4:331: T:{response,{header,161,79662,3632,1},8,0,0,1,[[{<<"lastErrorObject">>,[{<<"n">>,1},{<<"updatedExisting">>,true}]},{<<"value">>,[{<<"_id">>,{oid,<<80,232,3,158,241,109,66,189,159,201,23,75>>}},{<<"id">>,1737},{<<"name">>,<<"server_titles">>}]},{<<"ok">>,1.0}]],"master_mongo"} end
2024-01-01T20:41:38.631811+08:00 [debug] <0.4491.0> emongo:findAndModify/4:331: T:{response,{header,161,79663,3635,1},8,0,0,1,[[{<<"lastErrorObject">>,[{<<"n">>,1},{<<"updatedExisting">>,true}]},{<<"value">>,[{<<"_id">>,{oid,<<80,232,3,158,241,109,66,189,159,201,23,75>>}},{<<"id">>,1738},{<<"name">>,<<"server_titles">>}]},{<<"ok">>,1.0}]],"master_mongo"} end
2024-01-01T20:41:38.632583+08:00 [debug] <0.4498.0> emongo:findAndModify/4:331: T:{response,{header,161,79664,3644,1},8,0,0,1,[[{<<"lastErrorObject">>,[{<<"n">>,1},{<<"updatedExisting">>,true}]},{<<"value">>,[{<<"_id">>,{oid,<<80,232,3,158,241,109,66,189,159,201,23,75>>}},{<<"id">>,1739},{<<"name">>,<<"server_titles">>}]},{<<"ok">>,1.0}]],"master_mongo"} end
2024-01-01T20:41:38.633003+08:00 [debug] <0.4500.0> emongo:findAndModify/4:331: T:{response,{header,161,79665,3647,1},8,0,0,1,[[{<<"lastErrorObject">>,[{<<"n">>,1},{<<"updatedExisting">>,true}]},{<<"value">>,[{<<"_id">>,{oid,<<80,232,3,158,241,109,66,189,159,201,23,75>>}},{<<"id">>,1740},{<<"name">>,<<"server_titles">>}]},{<<"ok">>,1.0}]],"master_mongo"} end
2024-01-01T20:51:38.641318+08:00 [debug] <0.4805.0> emongo:findAndModify/4:331: T:{response,{header,161,80018,3858,1},8,0,0,1,[[{<<"lastErrorObject">>,[{<<"n">>,1},{<<"updatedExisting">>,true}]},{<<"value">>,[{<<"_id">>,{oid,<<80,232,3,158,241,109,66,189,159,201,23,75>>}},{<<"id">>,1741},{<<"name">>,<<"server_titles">>}]},{<<"ok">>,1.0}]],"master_mongo"} end
2024-01-01T20:51:38.641582+08:00 [debug] <0.4806.0> emongo:findAndModify/4:331: T:{response,{header,161,80019,3861,1},8,0,0,1,[[{<<"lastErrorObject">>,[{<<"n">>,1},{<<"updatedExisting">>,true}]},{<<"value">>,[{<<"_id">>,{oid,<<80,232,3,158,241,109,66,189,159,201,23,75>>}},{<<"id">>,1742},{<<"name">>,<<"server_titles">>}]},{<<"ok">>,1.0}]],"master_mongo"} end
2024-01-01T20:51:38.642295+08:00 [debug] <0.4813.0> emongo:findAndModify/4:331: T:{response,{header,161,80020,3870,1},8,0,0,1,[[{<<"lastErrorObject">>,[{<<"n">>,1},{<<"updatedExisting">>,true}]},{<<"value">>,[{<<"_id">>,{oid,<<80,232,3,158,241,109,66,189,159,201,23,75>>}},{<<"id">>,1743},{<<"name">>,<<"server_titles">>}]},{<<"ok">>,1.0}]],"master_mongo"} end
2024-01-01T20:51:38.642613+08:00 [debug] <0.4815.0> emongo:findAndModify/4:331: T:{response,{header,161,80021,3873,1},8,0,0,1,[[{<<"lastErrorObject">>,[{<<"n">>,1},{<<"updatedExisting">>,true}]},{<<"value">>,[{<<"_id">>,{oid,<<80,232,3,158,241,109,66,189,159,201,23,75>>}},{<<"id">>,1744},{<<"name">>,<<"server_titles">>}]},{<<"ok">>,1.0}]],"master_mongo"} end
2024-01-01T21:01:38.656004+08:00 [debug] <0.5120.0> emongo:findAndModify/4:331: T:{response,{header,161,80374,4084,1},8,0,0,1,[[{<<"lastErrorObject">>,[{<<"n">>,1},{<<"updatedExisting">>,true}]},{<<"value">>,[{<<"_id">>,{oid,<<80,232,3,158,241,109,66,189,159,201,23,75>>}},{<<"id">>,1745},{<<"name">>,<<"server_titles">>}]},{<<"ok">>,1.0}]],"master_mongo"} end
2024-01-01T21:01:38.657426+08:00 [debug] <0.5121.0> emongo:findAndModify/4:331: T:{response,{header,161,80375,4087,1},8,0,0,1,[[{<<"lastErrorObject">>,[{<<"n">>,1},{<<"updatedExisting">>,true}]},{<<"value">>,[{<<"_id">>,{oid,<<80,232,3,158,241,109,66,189,159,201,23,75>>}},{<<"id">>,1746},{<<"name">>,<<"server_titles">>}]},{<<"ok">>,1.0}]],"master_mongo"} end
2024-01-01T21:01:38.660520+08:00 [debug] <0.5128.0> emongo:findAndModify/4:331: T:{response,{header,161,80376,4096,1},8,0,0,1,[[{<<"lastErrorObject">>,[{<<"n">>,1},{<<"updatedExisting">>,true}]},{<<"value">>,[{<<"_id">>,{oid,<<80,232,3,158,241,109,66,189,159,201,23,75>>}},{<<"id">>,1747},{<<"name">>,<<"server_titles">>}]},{<<"ok">>,1.0}]],"master_mongo"} end
2024-01-01T21:01:38.662017+08:00 [debug] <0.5130.0> emongo:findAndModify/4:331: T:{response,{header,161,80377,4099,1},8,0,0,1,[[{<<"lastErrorObject">>,[{<<"n">>,1},{<<"updatedExisting">>,true}]},{<<"value">>,[{<<"_id">>,{oid,<<80,232,3,158,241,109,66,189,159,201,23,75>>}},{<<"id">>,1748},{<<"name">>,<<"server_titles">>}]},{<<"ok">>,1.0}]],"master_mongo"} end
2024-01-01T21:11:38.665800+08:00 [debug] <0.5436.0> emongo:findAndModify/4:331: T:{response,{header,161,80730,4309,1},8,0,0,1,[[{<<"lastErrorObject">>,[{<<"n">>,1},{<<"updatedExisting">>,true}]},{<<"value">>,[{<<"_id">>,{oid,<<80,232,3,158,241,109,66,189,159,201,23,75>>}},{<<"id">>,1749},{<<"name">>,<<"server_titles">>}]},{<<"ok">>,1.0}]],"master_mongo"} end
2024-01-01T21:11:38.667352+08:00 [debug] <0.5437.0> emongo:findAndModify/4:331: T:{response,{header,161,80731,4312,1},8,0,0,1,[[{<<"lastErrorObject">>,[{<<"n">>,1},{<<"updatedExisting">>,true}]},{<<"value">>,[{<<"_id">>,{oid,<<80,232,3,158,241,109,66,189,159,201,23,75>>}},{<<"id">>,1750},{<<"name">>,<<"server_titles">>}]},{<<"ok">>,1.0}]],"master_mongo"} end
2024-01-01T21:11:38.668317+08:00 [debug] <0.5444.0> emongo:findAndModify/4:331: T:{response,{header,161,80732,4322,1},8,0,0,1,[[{<<"lastErrorObject">>,[{<<"n">>,1},{<<"updatedExisting">>,true}]},{<<"value">>,[{<<"_id">>,{oid,<<80,232,3,158,241,109,66,189,159,201,23,75>>}},{<<"id">>,1751},{<<"name">>,<<"server_titles">>}]},{<<"ok">>,1.0}]],"master_mongo"} end
2024-01-01T21:11:38.668555+08:00 [debug] <0.5446.0> emongo:findAndModify/4:331: T:{response,{header,161,80733,4325,1},8,0,0,1,[[{<<"lastErrorObject">>,[{<<"n">>,1},{<<"updatedExisting">>,true}]},{<<"value">>,[{<<"_id">>,{oid,<<80,232,3,158,241,109,66,189,159,201,23,75>>}},{<<"id">>,1752},{<<"name">>,<<"server_titles">>}]},{<<"ok">>,1.0}]],"master_mongo"} end
2024-01-01T21:21:38.671345+08:00 [debug] <0.5751.0> emongo:findAndModify/4:331: T:{response,{header,161,81086,4536,1},8,0,0,1,[[{<<"lastErrorObject">>,[{<<"n">>,1},{<<"updatedExisting">>,true}]},{<<"value">>,[{<<"_id">>,{oid,<<80,232,3,158,241,109,66,189,159,201,23,75>>}},{<<"id">>,1753},{<<"name">>,<<"server_titles">>}]},{<<"ok">>,1.0}]],"master_mongo"} end
2024-01-01T21:21:38.671597+08:00 [debug] <0.5752.0> emongo:findAndModify/4:331: T:{response,{header,161,81087,4539,1},8,0,0,1,[[{<<"lastErrorObject">>,[{<<"n">>,1},{<<"updatedExisting">>,true}]},{<<"value">>,[{<<"_id">>,{oid,<<80,232,3,158,241,109,66,189,159,201,23,75>>}},{<<"id">>,1754},{<<"name">>,<<"server_titles">>}]},{<<"ok">>,1.0}]],"master_mongo"} end
2024-01-01T21:21:38.672253+08:00 [debug] <0.5759.0> emongo:findAndModify/4:331: T:{response,{header,161,81088,4548,1},8,0,0,1,[[{<<"lastErrorObject">>,[{<<"n">>,1},{<<"updatedExisting">>,true}]},{<<"value">>,[{<<"_id">>,{oid,<<80,232,3,158,241,109,66,189,159,201,23,75>>}},{<<"id">>,1755},{<<"name">>,<<"server_titles">>}]},{<<"ok">>,1.0}]],"master_mongo"} end
2024-01-01T21:21:38.672572+08:00 [debug] <0.5761.0> emongo:findAndModify/4:331: T:{response,{header,161,81089,4551,1},8,0,0,1,[[{<<"lastErrorObject">>,[{<<"n">>,1},{<<"updatedExisting">>,true}]},{<<"value">>,[{<<"_id">>,{oid,<<80,232,3,158,241,109,66,189,159,201,23,75>>}},{<<"id">>,1756},{<<"name">>,<<"server_titles">>}]},{<<"ok">>,1.0}]],"master_mongo"} end
2024-01-01T21:23:38.090408+08:00 [debug] <0.839.0> reloader:reload/1:147: reloading emongo... ok.
2024-01-01T21:23:53.485109+08:00 [debug] <0.113.0> emongo:count/3:289: count T:{response,{header,60,81161,4591,1},8,0,0,1,[[{<<"n">>,2800},{<<"ok">>,1.0}]],"master_mongo"} end
2024-01-01T21:23:57.577780+08:00 [debug] <0.113.0> emongo:count/3:289: count T:{response,{header,60,81166,4595,1},8,0,0,1,[[{<<"n">>,16},{<<"ok">>,1.0}]],"master_mongo"} end
2024-01-01T21:24:01.200694+08:00 [debug] <0.113.0> emongo:count/3:289: count T:{response,{header,60,81168,4597,1},8,0,0,1,[[{<<"n">>,0},{<<"ok">>,1.0}]],"master_mongo"} end
2024-01-01T21:24:05.010437+08:00 [debug] <0.113.0> emongo:count/3:289: count T:{response,{header,60,81173,4601,1},8,0,0,1,[[{<<"n">>,19},{<<"ok">>,1.0}]],"master_mongo"} end
2024-01-01T21:26:02.835263+08:00 [debug] <0.5901.0> yg_server_reader:async_recv/3:367: Res:0 end
2024-01-01T21:26:02.896459+08:00 [debug] <0.5901.0> yg_server_reader:login_parse_packet/2:64: Len:34 Cmd:1011003 end
2024-01-01T21:26:02.896573+08:00 [debug] <0.5901.0> yg_server_reader:async_recv/3:367: Res:1 end
2024-01-01T21:26:02.946710+08:00 [debug] <0.5901.0> protobuf_print:print2/6:88: s2c................101 1012003   0 role_id:67 {net_niu_role_login_s2c,1,1704115562,[{p_niu_role_info,67,0,100,4,1,8,[232,138,177,229,130,178,229,188,186]}]}
2024-01-01T21:26:02.946931+08:00 [debug] <0.5901.0> yg_server_reader:async_recv/3:367: Res:2 end
2024-01-01T21:26:23.924101+08:00 [debug] <0.5901.0> yg_server_reader:login_parse_packet/2:64: Len:12 Cmd:1011004 end
2024-01-01T21:26:23.924271+08:00 [debug] <0.5901.0> yg_server_reader:async_recv/3:367: Res:3 end
2024-01-01T21:26:23.936924+08:00 [debug] <0.5912.0> mod_player:init/1:48: is_war_server:false end
2024-01-01T21:26:23.941062+08:00 [debug] <0.5914.0> emongo:findAndModify/4:337: T:{response,{header,162,81253,1935,1},8,0,0,1,[[{<<"lastErrorObject">>,[{<<"n">>,1},{<<"updatedExisting">>,true}]},{<<"value">>,[{<<"_id">>,{oid,<<80,203,7,92,240,136,162,195,181,14,125,245>>}},{<<"id">>,675},{<<"name">>,<<"log_login_user">>}]},{<<"ok">>,1.0}]],"log_mongo"} end
2024-01-01T21:26:24.033988+08:00 [debug] <0.5912.0> lib_player:add_exp/4:229: FromWhere:0 end
2024-01-01T21:26:24.034083+08:00 [debug] <0.5912.0> lib_player:add_exp/4:230: Exp:0 end
2024-01-01T21:26:24.034188+08:00 [debug] <0.5912.0> lib_player:add_exp/4:231: Spirit:0 end
2024-01-01T21:26:24.037747+08:00 [debug] <0.5916.0> mod_pid_send:handle_info/2:89: Cmd:13002 unkown
2024-01-01T21:26:24.047442+08:00 [debug] <0.5901.0> protobuf_print:print2/6:88: s2c................101 1012004   0 role_id:67 {net_niu_role_enter_s2c,1}
2024-01-01T21:26:24.047749+08:00 [debug] <0.5901.0> yg_server_reader:async_recv/3:367: Res:4 end
2024-01-01T21:26:24.047991+08:00 [debug] <0.6138.0> emongo:findAndModify/4:337: T:{response,{header,163,81313,1940,1},8,0,0,1,[[{<<"lastErrorObject">>,[{<<"n">>,1},{<<"updatedExisting">>,true}]},{<<"value">>,[{<<"_id">>,{oid,<<80,202,222,24,240,136,162,195,181,14,124,212>>}},{<<"id">>,934},{<<"name">>,<<"log_online_time">>}]},{<<"ok">>,1.0}]],"log_mongo"} end
2024-01-01T21:26:24.048517+08:00 [debug] <0.6135.0> emongo:findAndModify/4:337: T:{response,{header,156,81317,4779,1},8,0,0,1,[[{<<"lastErrorObject">>,[{<<"n">>,1},{<<"updatedExisting">>,true}]},{<<"value">>,[{<<"_id">>,{oid,<<80,232,3,156,241,109,66,189,159,201,22,99>>}},{<<"id">>,77},{<<"name">>,<<"log_join">>}]},{<<"ok">>,1.0}]],"master_mongo"} end
2024-01-01T21:26:24.055763+08:00 [debug] <0.5901.0> yg_server_reader:do_parse_packet/2:223: Len:8 Cmd:1041022 end
2024-01-01T21:26:24.055877+08:00 [debug] <0.5901.0> yg_server_reader:async_recv/3:367: Res:5 end
2024-01-01T21:26:24.057138+08:00 [debug] <0.5912.0> protobuf_print:print2/6:88: 127.0.0.1..........104 1041022   1 role_id:67 {role_niu_info_c2s}
2024-01-01T21:26:24.059030+08:00 [debug] <0.5912.0> mod_player:handle_cast/2:2478: _E:ok end
2024-01-01T21:26:24.059200+08:00 [debug] <0.5917.0> protobuf_print:print2/6:88: s2c................104 1042022   0 role_id:67 {role_niu_info_s2c,100,23,99,67,707,787,204,204,1,8,373,5016,4,[232,138,177,229,130,178,229,188,186],29,18,0,2,12,3,8,887,55,54,0,[],0,100,0,600,0,320,5,[],170,800,17013,0,0,0,0,0,1,[],[],[],0,100,65,1,0,0,0,0,0,0,0,0,0,0,0,0,0,[],0,0,0,0,0,0,0,0,0,[],[{p_role_niu_batt_info,1,158},{p_role_niu_batt_info,2,0},{p_role_niu_batt_info,3,0},{p_role_niu_batt_info,4,158},{p_role_niu_batt_info,5,0},{p_role_niu_batt_info,6,0},{p_role_niu_batt_info,7,0},{p_role_niu_batt_info,8,0},{p_role_niu_batt_info,9,0}],0,0,0,0,0,0,0,0,0,0}
2024-01-01T21:26:36.065656+08:00 [debug] <0.6146.0> emongo:count/3:289: count T:{response,{header,60,81342,4822,1},8,0,0,1,[[{<<"n">>,0},{<<"ok">>,1.0}]],"master_mongo"} end
2024-01-01T21:26:54.183247+08:00 [debug] <0.5912.0> mod_player:handle_cast/2:506: 玩家进程退出 Reason:0 end
2024-01-01T21:26:54.183420+08:00 [error] <0.5901.0> proc_lib:crash_report/4:525: crasher: initial call: yg_server_reader:init/0, pid: <0.5901.0>, registered_name: [], exit: {{unexpected_message,{error,closed}},[{yg_server_reader,do_lost,5,[{file,"/media/jikeGame/cvgitmaomao/apps/myproj/src/yg_server_reader.erl"},{line,330}]},{proc_lib,init_p_do_apply,3,[{file,"proc_lib.erl"},{line,226}]}]}, ancestors: [yg_tcp_client_sup,yg_server_sup,<0.149.0>], message_queue_len: 0, messages: [], links: [<0.170.0>,#Port<0.19>], dictionary: [], trap_exit: true, status: running, heap_size: 2586, stack_size: 29, reductions: 60258; neighbours:
2024-01-01T21:26:54.183895+08:00 [error] <0.170.0> supervisor:do_restart/3:751: Supervisor: {local,yg_tcp_client_sup}. Context: child_terminated. Reason: {unexpected_message,{error,closed}}. Offender: id=yg_server_reader,pid=<0.5901.0>.
2024-01-01T21:26:54.185064+08:00 [debug] <0.5916.0> mod_pid_send:handle_info/2:89: Cmd:10007 unkown
2024-01-01T21:26:54.190790+08:00 [debug] <0.5912.0> mod_player:delete_player_ets/1:5616: delete_player_ets:67 end
2024-01-01T21:26:54.194095+08:00 [debug] <0.6165.0> emongo:count/3:289: count T:{response,{header,60,81361,4857,1},8,0,0,1,[[{<<"n">>,0},{<<"ok">>,1.0}]],"master_mongo"} end
2024-01-01T21:31:38.687732+08:00 [debug] <0.6316.0> emongo:findAndModify/4:337: T:{response,{header,161,81534,4970,1},8,0,0,1,[[{<<"lastErrorObject">>,[{<<"n">>,1},{<<"updatedExisting">>,true}]},{<<"value">>,[{<<"_id">>,{oid,<<80,232,3,158,241,109,66,189,159,201,23,75>>}},{<<"id">>,1757},{<<"name">>,<<"server_titles">>}]},{<<"ok">>,1.0}]],"master_mongo"} end
2024-01-01T21:31:38.688896+08:00 [debug] <0.6317.0> emongo:findAndModify/4:337: T:{response,{header,161,81535,4973,1},8,0,0,1,[[{<<"lastErrorObject">>,[{<<"n">>,1},{<<"updatedExisting">>,true}]},{<<"value">>,[{<<"_id">>,{oid,<<80,232,3,158,241,109,66,189,159,201,23,75>>}},{<<"id">>,1758},{<<"name">>,<<"server_titles">>}]},{<<"ok">>,1.0}]],"master_mongo"} end
2024-01-01T21:31:38.689835+08:00 [debug] <0.6324.0> emongo:findAndModify/4:337: T:{response,{header,161,81536,4982,1},8,0,0,1,[[{<<"lastErrorObject">>,[{<<"n">>,1},{<<"updatedExisting">>,true}]},{<<"value">>,[{<<"_id">>,{oid,<<80,232,3,158,241,109,66,189,159,201,23,75>>}},{<<"id">>,1759},{<<"name">>,<<"server_titles">>}]},{<<"ok">>,1.0}]],"master_mongo"} end
2024-01-01T21:31:38.690072+08:00 [debug] <0.6326.0> emongo:findAndModify/4:337: T:{response,{header,161,81537,4985,1},8,0,0,1,[[{<<"lastErrorObject">>,[{<<"n">>,1},{<<"updatedExisting">>,true}]},{<<"value">>,[{<<"_id">>,{oid,<<80,232,3,158,241,109,66,189,159,201,23,75>>}},{<<"id">>,1760},{<<"name">>,<<"server_titles">>}]},{<<"ok">>,1.0}]],"master_mongo"} end
2024-01-01T21:41:38.691559+08:00 [debug] <0.6630.0> emongo:findAndModify/4:337: T:{response,{header,161,81889,5196,1},8,0,0,1,[[{<<"lastErrorObject">>,[{<<"n">>,1},{<<"updatedExisting">>,true}]},{<<"value">>,[{<<"_id">>,{oid,<<80,232,3,158,241,109,66,189,159,201,23,75>>}},{<<"id">>,1761},{<<"name">>,<<"server_titles">>}]},{<<"ok">>,1.0}]],"master_mongo"} end
2024-01-01T21:41:38.691795+08:00 [debug] <0.6631.0> emongo:findAndModify/4:337: T:{response,{header,161,81890,5199,1},8,0,0,1,[[{<<"lastErrorObject">>,[{<<"n">>,1},{<<"updatedExisting">>,true}]},{<<"value">>,[{<<"_id">>,{oid,<<80,232,3,158,241,109,66,189,159,201,23,75>>}},{<<"id">>,1762},{<<"name">>,<<"server_titles">>}]},{<<"ok">>,1.0}]],"master_mongo"} end
2024-01-01T21:41:38.692344+08:00 [debug] <0.6638.0> emongo:findAndModify/4:337: T:{response,{header,161,81891,5208,1},8,0,0,1,[[{<<"lastErrorObject">>,[{<<"n">>,1},{<<"updatedExisting">>,true}]},{<<"value">>,[{<<"_id">>,{oid,<<80,232,3,158,241,109,66,189,159,201,23,75>>}},{<<"id">>,1763},{<<"name">>,<<"server_titles">>}]},{<<"ok">>,1.0}]],"master_mongo"} end
2024-01-01T21:41:38.692597+08:00 [debug] <0.6640.0> emongo:findAndModify/4:337: T:{response,{header,161,81892,5211,1},8,0,0,1,[[{<<"lastErrorObject">>,[{<<"n">>,1},{<<"updatedExisting">>,true}]},{<<"value">>,[{<<"_id">>,{oid,<<80,232,3,158,241,109,66,189,159,201,23,75>>}},{<<"id">>,1764},{<<"name">>,<<"server_titles">>}]},{<<"ok">>,1.0}]],"master_mongo"} end
